<?xml version="1.0" encoding="UTF-8"?>
<testng-results total="1" passed="1" failed="0" skipped="0">
  <reporter-output>
  </reporter-output>
  <suite started-at="2018-03-01T07:34:43Z" name="Default suite" finished-at="2018-03-01T07:35:17Z" duration-ms="33996">
    <groups>
    </groups>
    <test started-at="2018-03-01T07:34:43Z" name="Default test" finished-at="2018-03-01T07:35:17Z" duration-ms="33996">
      <class name="com.devOps_Test.DevOps_Selenium">
        <test-method signature="Test_DevOps()[pri:0, instance:com.devOps_Test.DevOps_Selenium@62dae245]" started-at="2018-03-01T13:04:43Z" name="Test_DevOps" finished-at="2018-03-01T13:05:17Z" duration-ms="33974" status="PASS">
          <reporter-output>
          </reporter-output>
        </test-method> <!-- Test_DevOps -->
      </class> <!-- com.devOps_Test.DevOps_Selenium -->
    </test> <!-- Default test -->
  </suite> <!-- Default suite -->
</testng-results>
