<?xml version="1.0" encoding="UTF-8"?>
<testng-results total="1" passed="1" failed="0" skipped="0">
  <reporter-output>
  </reporter-output>
  <suite started-at="2018-02-22T14:21:31Z" name="Regression" finished-at="2018-02-22T14:25:47Z" duration-ms="255852">
    <groups>
    </groups>
    <test started-at="2018-02-22T14:21:31Z" name="Automation" finished-at="2018-02-22T14:25:47Z" duration-ms="255852">
      <class name="lilly.regression.Regression_Suite">
        <test-method signature="AEPC_Creation()[pri:0, instance:lilly.regression.Regression_Suite@5f4d427e]" started-at="2018-02-22T19:51:31Z" name="AEPC_Creation" finished-at="2018-02-22T19:55:47Z" duration-ms="255806" status="PASS">
          <reporter-output>
          </reporter-output>
        </test-method> <!-- AEPC_Creation -->
      </class> <!-- lilly.regression.Regression_Suite -->
    </test> <!-- Automation -->
  </suite> <!-- Regression -->
</testng-results>
